<?xml version="1.0" encoding="UTF-8"?>
<!-- Generated by org.testng.reporters.JUnitReportReporter -->
<testsuite hostname="CP36204-n" name="test.testng.patnerproc.member.MemberTestCase" tests="1" failures="0" timestamp="28 May 2014 05:08:38 GMT" time="14.844" errors="0">
  <testcase name="loginTest" time="14.844" classname="test.testng.patnerproc.member.MemberTestCase"/>
</testsuite> <!-- test.testng.patnerproc.member.MemberTestCase -->
