<?xml version="1.0" encoding="UTF-8"?>
<!-- Generated by org.testng.reporters.JUnitReportReporter -->
<testsuite hostname="CP36204-n" name="test.testng.pagefactory.pageFactorySample" tests="1" failures="0" timestamp="27 May 2014 07:46:51 GMT" time="10.712" errors="0">
  <testcase name="UsingPageTest" time="10.712" classname="test.testng.pagefactory.pageFactorySample"/>
</testsuite> <!-- test.testng.pagefactory.pageFactorySample -->
