<?xml version="1.0" encoding="UTF-8"?>
<!-- Generated by org.testng.reporters.JUnitReportReporter -->
<testsuite hostname="CP36204-n" name="test.testng.patnerproc.order.OrderTestCase" tests="1" failures="0" timestamp="29 May 2014 02:20:05 GMT" time="29.973" errors="0">
  <testcase name="OrderTest" time="29.973" classname="test.testng.patnerproc.order.OrderTestCase"/>
</testsuite> <!-- test.testng.patnerproc.order.OrderTestCase -->
